\BOOKMARK [0][-]{chapter.1}{Introduzione}{}% 1
\BOOKMARK [1][-]{section.1.1}{L'azienda}{chapter.1}% 2
\BOOKMARK [2][-]{subsection.1.1.1}{Organizzazione aziendale}{section.1.1}% 3
\BOOKMARK [2][-]{subsection.1.1.2}{Servizi aziendali}{section.1.1}% 4
\BOOKMARK [2][-]{subsection.1.1.3}{Ergdis}{section.1.1}% 5
\BOOKMARK [2][-]{subsection.1.1.4}{Azienda e stage}{section.1.1}% 6
\BOOKMARK [2][-]{subsection.1.1.5}{Progetto scelto: Pianificazione della produzione}{section.1.1}% 7
\BOOKMARK [2][-]{subsection.1.1.6}{Convenzioni tipografiche}{section.1.1}% 8
\BOOKMARK [0][-]{chapter.2}{Descrizione dello stage}{}% 9
\BOOKMARK [1][-]{section.2.1}{Panoramica del progetto}{chapter.2}% 10
\BOOKMARK [1][-]{section.2.2}{Specifiche tecniche del problema}{chapter.2}% 11
\BOOKMARK [2][-]{subsection.2.2.1}{Implementazione}{section.2.2}% 12
\BOOKMARK [3][-]{subsubsection.2.2.1.1}{Linee}{subsection.2.2.1}% 13
\BOOKMARK [3][-]{subsubsection.2.2.1.2}{Sequenze}{subsection.2.2.1}% 14
\BOOKMARK [3][-]{subsubsection.2.2.1.3}{Ordine}{subsection.2.2.1}% 15
\BOOKMARK [2][-]{subsection.2.2.2}{Problemi logici da affrontare}{section.2.2}% 16
\BOOKMARK [3][-]{subsubsection.2.2.2.1}{Temporali}{subsection.2.2.2}% 17
\BOOKMARK [3][-]{subsubsection.2.2.2.2}{Vincoli}{subsection.2.2.2}% 18
\BOOKMARK [3][-]{subsubsection.2.2.2.3}{Scelte implementative}{subsection.2.2.2}% 19
\BOOKMARK [1][-]{section.2.3}{Obiettivi}{chapter.2}% 20
\BOOKMARK [2][-]{subsection.2.3.1}{Requisiti obbligatori}{section.2.3}% 21
\BOOKMARK [2][-]{subsection.2.3.2}{Requisiti desiderabili}{section.2.3}% 22
\BOOKMARK [2][-]{subsection.2.3.3}{Requisiti desiderabili}{section.2.3}% 23
\BOOKMARK [0][-]{chapter.3}{Pianificazione del lavoro svolto}{}% 24
\BOOKMARK [1][-]{section.3.1}{Divisione settimanale}{chapter.3}% 25
\BOOKMARK [1][-]{section.3.2}{Analisi dei rischi}{chapter.3}% 26
